[23:35:24] [main/INFO]: Setting user: Player416
[23:35:25] [Client thread/INFO]: LWJGL Version: 2.9.1
[23:35:30] [Client thread/INFO]: Reloading ResourceManager: Default, FMLFileResourcePack:Forge Mod Loader, FMLFileResourcePack:Minecraft Forge, FMLFileResourcePack:Volcanic Nutrition
[23:35:31] [Sound Library Loader/INFO]: Sound engine started
[23:35:32] [Client thread/INFO]: Created: 512x256 textures/blocks-atlas
[23:35:32] [Client thread/INFO]: Created: 256x256 textures/items-atlas
[23:35:32] [Client thread/INFO]: Reloading ResourceManager: Default, FMLFileResourcePack:Forge Mod Loader, FMLFileResourcePack:Minecraft Forge, FMLFileResourcePack:Volcanic Nutrition
[23:35:32] [Client thread/INFO]: Created: 512x256 textures/blocks-atlas
[23:35:32] [Client thread/INFO]: Created: 256x256 textures/items-atlas
[23:35:33] [Sound Library Loader/INFO]: Sound engine started
[23:35:36] [Server thread/INFO]: Starting integrated minecraft server version 1.7.10
[23:35:36] [Server thread/INFO]: Generating keypair
[23:35:37] [Server thread/INFO]: Preparing start region for level 0
[23:35:38] [Server thread/INFO]: Changing view distance to 12, from 10
[23:35:38] [Server thread/INFO]: Player416[local:E:e890e01a] logged in with entity id 305 at (-72.95171666600316, 81.0, 209.1574988159929)
[23:35:38] [Server thread/INFO]: Player416 joined the game
[23:35:44] [Server thread/INFO]: Player416 has just earned the achievement [Taking Inventory]
[23:35:44] [Client thread/INFO]: [CHAT] Player416 has just earned the achievement [Taking Inventory]
[23:35:51] [pool-2-thread-1/WARN]: Couldn't look up profile properties for com.mojang.authlib.GameProfile@5779842a[id=c4e77baf-70eb-32a3-a902-b5720679fae8,name=Player416,properties={},legacy=false]
com.mojang.authlib.exceptions.AuthenticationUnavailableException: Cannot contact authentication server
	at com.mojang.authlib.yggdrasil.YggdrasilAuthenticationService.makeRequest(YggdrasilAuthenticationService.java:71) ~[YggdrasilAuthenticationService.class:?]
	at com.mojang.authlib.yggdrasil.YggdrasilMinecraftSessionService.fillGameProfile(YggdrasilMinecraftSessionService.java:158) [YggdrasilMinecraftSessionService.class:?]
	at com.mojang.authlib.yggdrasil.YggdrasilMinecraftSessionService$1.load(YggdrasilMinecraftSessionService.java:53) [YggdrasilMinecraftSessionService$1.class:?]
	at com.mojang.authlib.yggdrasil.YggdrasilMinecraftSessionService$1.load(YggdrasilMinecraftSessionService.java:50) [YggdrasilMinecraftSessionService$1.class:?]
	at com.google.common.cache.LocalCache$LoadingValueReference.loadFuture(LocalCache.java:3524) [guava-17.0.jar:?]
	at com.google.common.cache.LocalCache$Segment.loadSync(LocalCache.java:2317) [guava-17.0.jar:?]
	at com.google.common.cache.LocalCache$Segment.lockedGetOrLoad(LocalCache.java:2280) [guava-17.0.jar:?]
	at com.google.common.cache.LocalCache$Segment.get(LocalCache.java:2195) [guava-17.0.jar:?]
	at com.google.common.cache.LocalCache.get(LocalCache.java:3934) [guava-17.0.jar:?]
	at com.google.common.cache.LocalCache.getOrLoad(LocalCache.java:3938) [guava-17.0.jar:?]
	at com.google.common.cache.LocalCache$LocalLoadingCache.get(LocalCache.java:4821) [guava-17.0.jar:?]
	at com.google.common.cache.LocalCache$LocalLoadingCache.getUnchecked(LocalCache.java:4827) [guava-17.0.jar:?]
	at com.mojang.authlib.yggdrasil.YggdrasilMinecraftSessionService.fillProfileProperties(YggdrasilMinecraftSessionService.java:148) [YggdrasilMinecraftSessionService.class:?]
	at net.minecraft.client.resources.SkinManager$3.run(SkinManager.java:133) [SkinManager$3.class:?]
	at java.util.concurrent.Executors$RunnableAdapter.call(Unknown Source) [?:1.8.0_25]
	at java.util.concurrent.FutureTask.run(Unknown Source) [?:1.8.0_25]
	at java.util.concurrent.ThreadPoolExecutor.runWorker(Unknown Source) [?:1.8.0_25]
	at java.util.concurrent.ThreadPoolExecutor$Worker.run(Unknown Source) [?:1.8.0_25]
	at java.lang.Thread.run(Unknown Source) [?:1.8.0_25]
Caused by: java.net.UnknownHostException: sessionserver.mojang.com
	at java.net.AbstractPlainSocketImpl.connect(Unknown Source) ~[?:1.8.0_25]
	at java.net.PlainSocketImpl.connect(Unknown Source) ~[?:1.8.0_25]
	at java.net.SocksSocketImpl.connect(Unknown Source) ~[?:1.8.0_25]
	at java.net.Socket.connect(Unknown Source) ~[?:1.8.0_25]
	at sun.security.ssl.SSLSocketImpl.connect(Unknown Source) ~[?:1.8.0_25]
	at sun.net.NetworkClient.doConnect(Unknown Source) ~[?:1.8.0_25]
	at sun.net.www.http.HttpClient.openServer(Unknown Source) ~[?:1.8.0_25]
	at sun.net.www.http.HttpClient.openServer(Unknown Source) ~[?:1.8.0_25]
	at sun.net.www.protocol.https.HttpsClient.<init>(Unknown Source) ~[?:1.8.0_25]
	at sun.net.www.protocol.https.HttpsClient.New(Unknown Source) ~[?:1.8.0_25]
	at sun.net.www.protocol.https.AbstractDelegateHttpsURLConnection.getNewHttpClient(Unknown Source) ~[?:1.8.0_25]
	at sun.net.www.protocol.http.HttpURLConnection.plainConnect0(Unknown Source) ~[?:1.8.0_25]
	at sun.net.www.protocol.http.HttpURLConnection$6.run(Unknown Source) ~[?:1.8.0_25]
	at sun.net.www.protocol.http.HttpURLConnection$6.run(Unknown Source) ~[?:1.8.0_25]
	at java.security.AccessController.doPrivileged(Native Method) ~[?:1.8.0_25]
	at java.security.AccessController.doPrivileged(Unknown Source) ~[?:1.8.0_25]
	at sun.net.www.protocol.http.HttpURLConnection.plainConnect(Unknown Source) ~[?:1.8.0_25]
	at sun.net.www.protocol.https.AbstractDelegateHttpsURLConnection.connect(Unknown Source) ~[?:1.8.0_25]
	at sun.net.www.protocol.http.HttpURLConnection.getInputStream0(Unknown Source) ~[?:1.8.0_25]
	at sun.net.www.protocol.http.HttpURLConnection.access$200(Unknown Source) ~[?:1.8.0_25]
	at sun.net.www.protocol.http.HttpURLConnection$9.run(Unknown Source) ~[?:1.8.0_25]
	at sun.net.www.protocol.http.HttpURLConnection$9.run(Unknown Source) ~[?:1.8.0_25]
	at java.security.AccessController.doPrivileged(Native Method) ~[?:1.8.0_25]
	at java.security.AccessController.doPrivileged(Unknown Source) ~[?:1.8.0_25]
	at sun.net.www.protocol.http.HttpURLConnection.getInputStream(Unknown Source) ~[?:1.8.0_25]
	at sun.net.www.protocol.https.HttpsURLConnectionImpl.getInputStream(Unknown Source) ~[?:1.8.0_25]
	at com.mojang.authlib.HttpAuthenticationService.performGetRequest(HttpAuthenticationService.java:126) ~[HttpAuthenticationService.class:?]
	at com.mojang.authlib.yggdrasil.YggdrasilAuthenticationService.makeRequest(YggdrasilAuthenticationService.java:54) ~[YggdrasilAuthenticationService.class:?]
	... 18 more
[23:35:52] [Server thread/INFO]: Saving and pausing game...
[23:35:52] [Server thread/INFO]: Saving chunks for level 'New Worldfffffffffffffffffffffff'/Overworld
[23:35:52] [Server thread/INFO]: Saving chunks for level 'New Worldfffffffffffffffffffffff'/Nether
[23:35:52] [Server thread/INFO]: Saving chunks for level 'New Worldfffffffffffffffffffffff'/The End
[00:03:02] [main/INFO]: Setting user: Player538
[00:03:08] [Client thread/INFO]: LWJGL Version: 2.9.1
