[22:09:40] [main/INFO]: Setting user: Player279
[22:09:41] [Client thread/INFO]: LWJGL Version: 2.9.1
[22:09:45] [Client thread/INFO]: Reloading ResourceManager: Default, FMLFileResourcePack:Forge Mod Loader, FMLFileResourcePack:Minecraft Forge, FMLFileResourcePack:Volcanic Nutrition
[22:09:46] [Sound Library Loader/INFO]: Sound engine started
[22:09:47] [Client thread/INFO]: Created: 512x256 textures/blocks-atlas
[22:09:47] [Client thread/INFO]: Created: 256x256 textures/items-atlas
[22:09:47] [Client thread/INFO]: Reloading ResourceManager: Default, FMLFileResourcePack:Forge Mod Loader, FMLFileResourcePack:Minecraft Forge, FMLFileResourcePack:Volcanic Nutrition
[22:09:47] [Client thread/INFO]: Created: 512x256 textures/blocks-atlas
[22:09:47] [Client thread/INFO]: Created: 256x256 textures/items-atlas
[22:09:48] [Sound Library Loader/INFO]: Sound engine started
[22:09:53] [Server thread/INFO]: Starting integrated minecraft server version 1.7.10
[22:09:53] [Server thread/INFO]: Generating keypair
[22:09:54] [Server thread/INFO]: Preparing start region for level 0
[22:09:55] [Server thread/INFO]: Changing view distance to 12, from 10
[22:09:55] [Server thread/INFO]: Player279[local:E:d70f08e6] logged in with entity id 286 at (-74.82338197378307, 78.0, 216.43998527129753)
[22:09:55] [Server thread/INFO]: Player279 joined the game
[22:10:17] [Server thread/INFO]: Saving and pausing game...
[22:10:17] [Server thread/INFO]: Saving chunks for level 'New Worldfffffffffffffffffffffff'/Overworld
[22:10:17] [Server thread/INFO]: Saving chunks for level 'New Worldfffffffffffffffffffffff'/Nether
[22:10:17] [Server thread/INFO]: Saving chunks for level 'New Worldfffffffffffffffffffffff'/The End
[22:10:38] [Server thread/INFO]: Player279 has just earned the achievement [Taking Inventory]
[22:10:38] [Client thread/INFO]: [CHAT] Player279 has just earned the achievement [Taking Inventory]
[22:11:13] [Server thread/INFO]: Saving and pausing game...
[22:11:13] [Server thread/INFO]: Saving chunks for level 'New Worldfffffffffffffffffffffff'/Overworld
[22:11:13] [Server thread/INFO]: Saving chunks for level 'New Worldfffffffffffffffffffffff'/Nether
[22:11:13] [Server thread/INFO]: Saving chunks for level 'New Worldfffffffffffffffffffffff'/The End
[22:11:36] [Server thread/INFO]: Stopping server
[22:11:36] [Server thread/INFO]: Saving players
[22:11:36] [Server thread/INFO]: Saving worlds
[22:11:36] [Server thread/INFO]: Saving chunks for level 'New Worldfffffffffffffffffffffff'/Overworld
[22:11:36] [Server thread/INFO]: Saving chunks for level 'New Worldfffffffffffffffffffffff'/Nether
[22:11:36] [Server thread/INFO]: Saving chunks for level 'New Worldfffffffffffffffffffffff'/The End
[22:11:39] [Server thread/INFO]: Starting integrated minecraft server version 1.7.10
[22:11:39] [Server thread/INFO]: Generating keypair
[22:11:39] [Server thread/INFO]: Preparing start region for level 0
[22:11:39] [Server thread/INFO]: Changing view distance to 12, from 10
[22:11:40] [Server thread/INFO]: Player279[local:E:0867642c] logged in with entity id 6134 at (-70.82692651667335, 80.0, 210.28252899076242)
[22:11:40] [Server thread/INFO]: Player279 joined the game
[22:11:42] [Server thread/INFO]: Saving and pausing game...
[22:11:42] [Server thread/INFO]: Saving chunks for level 'New Worldfffffffffffffffffffffff'/Overworld
[22:11:42] [Server thread/INFO]: Saving chunks for level 'New Worldfffffffffffffffffffffff'/Nether
[22:11:42] [Server thread/INFO]: Saving chunks for level 'New Worldfffffffffffffffffffffff'/The End
[22:11:55] [Server thread/INFO]: Saving and pausing game...
[22:11:55] [Server thread/INFO]: Saving chunks for level 'New Worldfffffffffffffffffffffff'/Overworld
[22:11:55] [Server thread/INFO]: Saving chunks for level 'New Worldfffffffffffffffffffffff'/Nether
[22:11:55] [Server thread/INFO]: Saving chunks for level 'New Worldfffffffffffffffffffffff'/The End
[22:11:56] [Server thread/INFO]: Stopping server
[22:11:56] [Server thread/INFO]: Saving players
[22:11:56] [Server thread/INFO]: Saving worlds
[22:11:56] [Server thread/INFO]: Saving chunks for level 'New Worldfffffffffffffffffffffff'/Overworld
[22:11:56] [Server thread/INFO]: Saving chunks for level 'New Worldfffffffffffffffffffffff'/Nether
[22:11:56] [Server thread/INFO]: Saving chunks for level 'New Worldfffffffffffffffffffffff'/The End
[22:12:18] [Client thread/INFO]: Stopping!
215
[22:12:14] [Client thread/INFO]: LWJGL Version: 2.9.1
[22:12:20] [Client thread/INFO]: Reloading ResourceManager: Default, FMLFileResourcePack:Forge Mod Loader, FMLFileResourcePack:Minecraft Forge, FMLFileResourcePack:Volcanic Nutrition
[22:12:20] [Sound Library Loader/INFO]: Sound engine started
[22:12:21] [Client thread/INFO]: Created: 512x256 textures/blocks-atlas
[22:12:21] [Client thread/INFO]: Created: 256x256 textures/items-atlas
[22:12:22] [Client thread/INFO]: Reloading ResourceManager: Default, FMLFileResourcePack:Forge Mod Loader, FMLFileResourcePack:Minecraft Forge, FMLFileResourcePack:Volcanic Nutrition
[22:12:22] [Client thread/INFO]: Created: 512x256 textures/blocks-atlas
[22:12:22] [Client thread/INFO]: Created: 256x256 textures/items-atlas
[22:12:23] [Sound Library Loader/INFO]: Sound engine started
[22:13:31] [Server thread/INFO]: Starting integrated minecraft server version 1.7.10
[22:13:31] [Server thread/INFO]: Generating keypair
[22:13:31] [Server thread/INFO]: Preparing start region for level 0
[22:13:32] [Server thread/INFO]: Changing view distance to 12, from 10
[22:13:33] [Server thread/INFO]: Player215[local:E:095ec8fc] logged in with entity id 306 at (-72.17251464752974, 80.0, 210.69999998807907)
[22:13:33] [Server thread/INFO]: Player215 joined the game
[22:13:40] [Server thread/INFO]: Saving and pausing game...
[22:13:40] [Server thread/INFO]: Saving chunks for level 'New Worldfffffffffffffffffffffff'/Overworld
[22:13:40] [Server thread/INFO]: Saving chunks for level 'New Worldfffffffffffffffffffffff'/Nether
[22:13:40] [Server thread/INFO]: Saving chunks for level 'New Worldfffffffffffffffffffffff'/The End
[22:14:12] [Client thread/INFO]: Warning: Clientside chunk ticking took 115 ms
[22:14:12] [Client thread/INFO]: Warning: Clientside chunk ticking took 116 ms
[22:14:12] [Client thread/INFO]: Warning: Clientside chunk ticking took 134 ms
[22:14:24] [Client thread/INFO]: Warning: Clientside chunk ticking took 139 ms
[22:14:29] [Server thread/INFO]: Saving and pausing game...
[22:14:29] [Server thread/INFO]: Saving chunks for level 'New Worldfffffffffffffffffffffff'/Overworld
[22:14:29] [Server thread/INFO]: Saving chunks for level 'New Worldfffffffffffffffffffffff'/Nether
[22:14:29] [Server thread/INFO]: Saving chunks for level 'New Worldfffffffffffffffffffffff'/The End
[22:14:30] [Server thread/INFO]: Stopping server
[22:14:30] [Server thread/INFO]: Saving players
[22:14:30] [Server thread/INFO]: Saving worlds
[22:14:30] [Server thread/INFO]: Saving chunks for level 'New Worldfffffffffffffffffffffff'/Overworld
[22:14:30] [Server thread/INFO]: Saving chunks for level 'New Worldfffffffffffffffffffffff'/Nether
[22:14:30] [Server thread/INFO]: Saving chunks for level 'New Worldfffffffffffffffffffffff'/The End
[22:14:45] [main/INFO]: Setting user: Player917
[22:14:46] [Client thread/INFO]: LWJGL Version: 2.9.1
[22:14:51] [Client thread/INFO]: Reloading ResourceManager: Default, FMLFileResourcePack:Forge Mod Loader, FMLFileResourcePack:Minecraft Forge, FMLFileResourcePack:Volcanic Nutrition
[22:14:51] [Sound Library Loader/INFO]: Sound engine started
[22:14:52] [Client thread/INFO]: Created: 512x256 textures/blocks-atlas
[22:14:52] [Client thread/INFO]: Created: 256x256 textures/items-atlas
[22:14:52] [Client thread/INFO]: Reloading ResourceManager: Default, FMLFileResourcePack:Forge Mod Loader, FMLFileResourcePack:Minecraft Forge, FMLFileResourcePack:Volcanic Nutrition
[22:14:53] [Client thread/INFO]: Created: 512x256 textures/blocks-atlas
[22:14:53] [Client thread/INFO]: Created: 256x256 textures/items-atlas
[22:14:54] [Sound Library Loader/INFO]: Sound engine started
[22:15:00] [Server thread/INFO]: Starting integrated minecraft server version 1.7.10
[22:15:00] [Server thread/INFO]: Generating keypair
[22:15:01] [Server thread/INFO]: Preparing start region for level 0
[22:15:02] [Server thread/INFO]: Changing view distance to 12, from 10
[22:15:02] [Server thread/INFO]: Player917[local:E:47ee6c01] logged in with entity id 297 at (50.61173684194073, 69.0, 258.5886750228608)
[22:15:02] [Server thread/INFO]: Player917 joined the game
[22:15:15] [Server thread/INFO]: Saving and pausing game...
[22:15:16] [Server thread/INFO]: Saving chunks for level 'New Worldfffffffffffffffffffffff'/Overworld
[22:15:16] [Server thread/INFO]: Saving chunks for level 'New Worldfffffffffffffffffffffff'/Nether
[22:15:16] [Server thread/INFO]: Saving chunks for level 'New Worldfffffffffffffffffffffff'/The End
[22:15:53] [Server thread/INFO]: Stopping server
[22:15:53] [Server thread/INFO]: Saving players
[22:15:53] [Server thread/INFO]: Saving worlds
[22:15:53] [Server thread/INFO]: Saving chunks for level 'New Worldfffffffffffffffffffffff'/Overworld
[22:15:53] [Server thread/INFO]: Saving chunks for level 'New Worldfffffffffffffffffffffff'/Nether
[22:15:53] [Server thread/INFO]: Saving chunks for level 'New Worldfffffffffffffffffffffff'/The End
[22:15:54] [Client thread/INFO]: Stopping!
[22:16:01] [main/INFO]: Setting user: Player368
[22:16:02] [Client thread/INFO]: LWJGL Version: 2.9.1
[22:16:07] [Client thread/INFO]: Reloading ResourceManager: Default, FMLFileResourcePack:Forge Mod Loader, FMLFileResourcePack:Minecraft Forge, FMLFileResourcePack:Volcanic Nutrition
[22:16:07] [Sound Library Loader/INFO]: Sound engine started
[22:16:08] [Client thread/INFO]: Created: 512x256 textures/blocks-atlas
[22:16:09] [Client thread/INFO]: Created: 256x256 textures/items-atlas
[22:16:09] [Client thread/INFO]: Reloading ResourceManager: Default, FMLFileResourcePack:Forge Mod Loader, FMLFileResourcePack:Minecraft Forge, FMLFileResourcePack:Volcanic Nutrition
[22:16:09] [Client thread/INFO]: Created: 512x256 textures/blocks-atlas
[22:16:09] [Client thread/INFO]: Created: 256x256 textures/items-atlas
[22:16:10] [Sound Library Loader/INFO]: Sound engine started
[22:16:14] [Server thread/INFO]: Starting integrated minecraft server version 1.7.10
[22:16:14] [Server thread/INFO]: Generating keypair
[22:16:15] [Server thread/INFO]: Preparing start region for level 0
[22:16:16] [Server thread/INFO]: Preparing spawn area: 96%
[22:16:16] [Server thread/INFO]: Changing view distance to 12, from 10
[22:16:16] [Server thread/INFO]: Player368[local:E:e782e55a] logged in with entity id 296 at (34.52200506791813, 69.0, 246.54303958622165)
[22:16:16] [Server thread/INFO]: Player368 joined the game
[22:16:23] [Server thread/INFO]: [Player368: Set own game mode to Creative Mode]
[22:16:23] [Client thread/INFO]: [CHAT] Your game mode has been updated
[22:17:57] [Server thread/INFO]: Saving and pausing game...
[22:17:57] [Server thread/INFO]: Saving chunks for level 'New Worldfffffffffffffffffffffff'/Overworld
[22:17:57] [Server thread/INFO]: Saving chunks for level 'New Worldfffffffffffffffffffffff'/Nether
[22:17:57] [Server thread/INFO]: Saving chunks for level 'New Worldfffffffffffffffffffffff'/The End
[22:18:14] [Server thread/INFO]: Stopping server
[22:18:14] [Server thread/INFO]: Saving players
[22:18:14] [Server thread/INFO]: Saving worlds
[22:18:14] [Server thread/INFO]: Saving chunks for level 'New Worldfffffffffffffffffffffff'/Overworld
[22:18:14] [Server thread/INFO]: Saving chunks for level 'New Worldfffffffffffffffffffffff'/Nether
[22:18:14] [Server thread/INFO]: Saving chunks for level 'New Worldfffffffffffffffffffffff'/The End
[22:18:16] [Client thread/INFO]: Stopping!
