[10:07:58] [main/INFO]: Setting user: Player416
[10:07:59] [Client thread/INFO]: LWJGL Version: 2.9.1
[10:08:04] [Client thread/INFO]: Reloading ResourceManager: Default, FMLFileResourcePack:Forge Mod Loader, FMLFileResourcePack:Minecraft Forge, FMLFileResourcePack:Volcanic Nutrition
[10:08:05] [Sound Library Loader/INFO]: Sound engine started
[10:08:05] [Client thread/INFO]: Created: 512x256 textures/blocks-atlas
[10:08:05] [Client thread/INFO]: Created: 256x256 textures/items-atlas
[10:08:06] [Client thread/INFO]: Reloading ResourceManager: Default, FMLFileResourcePack:Forge Mod Loader, FMLFileResourcePack:Minecraft Forge, FMLFileResourcePack:Volcanic Nutrition
[10:08:06] [Client thread/INFO]: Created: 512x256 textures/blocks-atlas
[10:08:06] [Client thread/INFO]: Created: 512x256 textures/items-atlas
[10:08:07] [Sound Library Loader/INFO]: Sound engine started
[10:08:11] [Server thread/INFO]: Starting integrated minecraft server version 1.7.10
[10:08:11] [Server thread/INFO]: Generating keypair
[10:08:11] [Server thread/INFO]: Preparing start region for level 0
[10:08:12] [Server thread/INFO]: Changing view distance to 12, from 10
[10:08:13] [Server thread/INFO]: Player416[local:E:ce0a2747] logged in with entity id 287 at (-73.69999998807907, 77.0, 218.29913421640174)
[10:08:13] [Server thread/INFO]: Player416 joined the game
[10:08:37] [Server thread/INFO]: Saving and pausing game...
[10:08:37] [Server thread/INFO]: Saving chunks for level 'New Worldfffffffffffffffffffffff'/Overworld
[10:08:37] [Server thread/INFO]: Saving chunks for level 'New Worldfffffffffffffffffffffff'/Nether
[10:08:37] [Server thread/INFO]: Saving chunks for level 'New Worldfffffffffffffffffffffff'/The End
[10:08:46] [Server thread/INFO]: Saving and pausing game...
[10:08:46] [Server thread/INFO]: Saving chunks for level 'New Worldfffffffffffffffffffffff'/Overworld
[10:08:46] [Server thread/INFO]: Saving chunks for level 'New Worldfffffffffffffffffffffff'/Nether
[10:08:46] [Server thread/INFO]: Saving chunks for level 'New Worldfffffffffffffffffffffff'/The End
[10:09:24] [Client thread/INFO]: Stopping!
[10:09:25] [Server thread/INFO]: Stopping server
[10:09:25] [Server thread/INFO]: Saving players
[10:09:25] [Server thread/INFO]: Saving worlds
[10:09:25] [Server thread/INFO]: Saving chunks for level 'New Worldfffffffffffffffffffffff'/Overworld
[10:09:25] [Server thread/INFO]: Saving chunks for level 'New Worldfffffffffffffffffffffff'/Nether
[10:09:25] [Server thread/INFO]: Saving chunks for level 'New Worldfffffffffffffffffffffff'/The End
